<?xml version="1.0" encoding="UTF-8"?>
<!-- Generated by org.testng.reporters.JUnitReportReporter -->
<testsuite hostname="DESKTOP-0ESDAIN" name="automationpractice.com.ShopWorkflowTest" tests="11" failures="0" timestamp="22 Jan 2017 21:03:19 GMT" time="49.706" errors="0">
  <testcase name="continueToShoppingSummary" time="2.656" classname="automationpractice.com.ShopWorkflowTest"/>
  <testcase name="increaseQtyOfProduct1" time="1.519" classname="automationpractice.com.ShopWorkflowTest"/>
  <testcase name="confirmOrder" time="2.180" classname="automationpractice.com.ShopWorkflowTest"/>
  <testcase name="selectChlotes" time="13.959" classname="automationpractice.com.ShopWorkflowTest"/>
  <testcase name="signinRequest" time="3.372" classname="automationpractice.com.ShopWorkflowTest"/>
  <testcase name="checkIsOrderVisibleInOrderHistorySection" time="7.343" classname="automationpractice.com.ShopWorkflowTest"/>
  <testcase name="deleteCartProducts" time="2.463" classname="automationpractice.com.ShopWorkflowTest"/>
  <testcase name="billingAndDeliveryAddress" time="2.920" classname="automationpractice.com.ShopWorkflowTest"/>
  <testcase name="checkingCartProductsQtyAndPrice" time="1.998" classname="automationpractice.com.ShopWorkflowTest"/>
  <testcase name="termsOfServiceModal" time="7.637" classname="automationpractice.com.ShopWorkflowTest"/>
  <testcase name="payment" time="3.659" classname="automationpractice.com.ShopWorkflowTest"/>
</testsuite> <!-- automationpractice.com.ShopWorkflowTest -->
