<?xml version="1.0" encoding="UTF-8"?>
<!-- Generated by org.testng.reporters.JUnitReportReporter -->
<testsuite hostname="DESKTOP-0ESDAIN" name="automationpractice.com.Test1" tests="1" failures="0" timestamp="18 Dec 2016 13:02:12 GMT" time="41.289" errors="0">
  <testcase name="test1" time="41.289" classname="automationpractice.com.Test1"/>
</testsuite> <!-- automationpractice.com.Test1 -->
