<?xml version="1.0" encoding="UTF-8"?>
<!-- Generated by org.testng.reporters.JUnitReportReporter -->
<testsuite hostname="DESKTOP-0ESDAIN" name="automationpractice.com.ShopWorkflowTest" tests="11" failures="0" timestamp="22 Jan 2017 20:14:13 GMT" time="57.153" errors="0">
  <testcase name="billingAndDeliveryAddress" time="3.774" classname="automationpractice.com.ShopWorkflowTest"/>
  <testcase name="continueToShoppingSummary" time="2.883" classname="automationpractice.com.ShopWorkflowTest"/>
  <testcase name="payment" time="6.157" classname="automationpractice.com.ShopWorkflowTest"/>
  <testcase name="deleteCartProducts" time="2.761" classname="automationpractice.com.ShopWorkflowTest"/>
  <testcase name="signinRequest" time="3.251" classname="automationpractice.com.ShopWorkflowTest"/>
  <testcase name="checkIsOrderVisibleInOrderHistorySection" time="7.295" classname="automationpractice.com.ShopWorkflowTest"/>
  <testcase name="checkingCartProductsQtyAndPrice" time="1.909" classname="automationpractice.com.ShopWorkflowTest"/>
  <testcase name="increaseQtyOfProduct1" time="2.109" classname="automationpractice.com.ShopWorkflowTest"/>
  <testcase name="termsOfServiceModal" time="5.973" classname="automationpractice.com.ShopWorkflowTest"/>
  <testcase name="confirmOrder" time="1.846" classname="automationpractice.com.ShopWorkflowTest"/>
  <testcase name="selectChlotes" time="19.195" classname="automationpractice.com.ShopWorkflowTest"/>
</testsuite> <!-- automationpractice.com.ShopWorkflowTest -->
