<?xml version="1.0" encoding="UTF-8"?>
<!-- Generated by org.testng.reporters.JUnitReportReporter -->
<testsuite hostname="DESKTOP-0ESDAIN" name="automationpractice.com.FiltersTest" tests="2" failures="0" timestamp="16 Dec 2016 14:58:30 GMT" time="16.261" errors="0">
  <testcase name="filtersVisibility" time="3.741" classname="automationpractice.com.FiltersTest"/>
  <testcase name="selectingFilters" time="12.520" classname="automationpractice.com.FiltersTest"/>
</testsuite> <!-- automationpractice.com.FiltersTest -->
