<?xml version="1.0" encoding="UTF-8"?>
<!-- Generated by org.testng.reporters.JUnitReportReporter -->
<testsuite hostname="DESKTOP-0ESDAIN" name="automationpractice.com.CreateAccountFormTest" tests="6" failures="0" timestamp="22 Jan 2017 20:14:13 GMT" time="26.481" errors="0">
  <testcase name="createAccountSuccessfully" time="7.927" classname="automationpractice.com.CreateAccountFormTest"/>
  <testcase name="requiredFieldsInputFormat" time="4.606" classname="automationpractice.com.CreateAccountFormTest"/>
  <testcase name="personalInfoFields" time="1.384" classname="automationpractice.com.CreateAccountFormTest"/>
  <testcase name="requiredFieldsEmpty" time="4.878" classname="automationpractice.com.CreateAccountFormTest"/>
  <testcase name="authenticationPage" time="2.560" classname="automationpractice.com.CreateAccountFormTest"/>
  <testcase name="authenticationPageEmailField" time="5.126" classname="automationpractice.com.CreateAccountFormTest"/>
</testsuite> <!-- automationpractice.com.CreateAccountFormTest -->
