<?xml version="1.0" encoding="UTF-8"?>
<!-- Generated by org.testng.reporters.JUnitReportReporter -->
<testsuite hostname="DESKTOP-0ESDAIN" name="automationpractice.com.LoginFormTest" tests="5" failures="0" timestamp="22 Jan 2017 21:03:19 GMT" time="15.528" errors="0">
  <testcase name="loginPage" time="0.175" classname="automationpractice.com.LoginFormTest"/>
  <testcase name="invalidCredentials" time="6.702" classname="automationpractice.com.LoginFormTest"/>
  <testcase name="emailFormat" time="0.505" classname="automationpractice.com.LoginFormTest"/>
  <testcase name="successfulLogin" time="2.364" classname="automationpractice.com.LoginFormTest"/>
  <testcase name="loginWithoutCredentials" time="5.782" classname="automationpractice.com.LoginFormTest"/>
</testsuite> <!-- automationpractice.com.LoginFormTest -->
