<?xml version="1.0" encoding="UTF-8"?>
<!-- Generated by org.testng.reporters.JUnitReportReporter -->
<testsuite hostname="DESKTOP-0ESDAIN" name="automationpractice.com.CreateAccountFormTest" tests="6" failures="0" timestamp="22 Jan 2017 21:03:19 GMT" time="21.395" errors="0">
  <testcase name="createAccountSuccessfully" time="4.946" classname="automationpractice.com.CreateAccountFormTest"/>
  <testcase name="requiredFieldsEmpty" time="4.109" classname="automationpractice.com.CreateAccountFormTest"/>
  <testcase name="requiredFieldsInputFormat" time="4.715" classname="automationpractice.com.CreateAccountFormTest"/>
  <testcase name="authenticationPageEmailField" time="4.053" classname="automationpractice.com.CreateAccountFormTest"/>
  <testcase name="personalInfoFields" time="1.332" classname="automationpractice.com.CreateAccountFormTest"/>
  <testcase name="authenticationPage" time="2.240" classname="automationpractice.com.CreateAccountFormTest"/>
</testsuite> <!-- automationpractice.com.CreateAccountFormTest -->
