<?xml version="1.0" encoding="UTF-8"?>
<!-- Generated by org.testng.reporters.JUnitReportReporter -->
<testsuite hostname="DESKTOP-0ESDAIN" name="automationpractice.com.LoginFormTest" tests="5" failures="0" timestamp="22 Jan 2017 20:14:13 GMT" time="12.348" errors="0">
  <testcase name="loginPage" time="0.178" classname="automationpractice.com.LoginFormTest"/>
  <testcase name="loginWithoutCredentials" time="4.837" classname="automationpractice.com.LoginFormTest"/>
  <testcase name="emailFormat" time="0.514" classname="automationpractice.com.LoginFormTest"/>
  <testcase name="invalidCredentials" time="5.023" classname="automationpractice.com.LoginFormTest"/>
  <testcase name="successfulLogin" time="1.796" classname="automationpractice.com.LoginFormTest"/>
</testsuite> <!-- automationpractice.com.LoginFormTest -->
